2024-12-20T14:54:05.451+07:00  INFO 12488 --- [SpringApplicationShutdownHook] o.s.b.w.e.tomcat.GracefulShutdown        : Commencing graceful shutdown. Waiting for active requests to complete
2024-12-20T14:54:05.456+07:00  INFO 12488 --- [tomcat-shutdown] o.s.b.w.e.tomcat.GracefulShutdown        : Graceful shutdown complete
2024-12-20T14:54:05.458+07:00  INFO 12488 --- [SpringApplicationShutdownHook] j.LocalContainerEntityManagerFactoryBean : Closing JPA EntityManagerFactory for persistence unit 'default'
2024-12-20T14:54:05.460+07:00  INFO 12488 --- [SpringApplicationShutdownHook] com.zaxxer.hikari.HikariDataSource       : HikariPool-1 - Shutdown initiated...
2024-12-20T14:54:05.464+07:00  INFO 12488 --- [SpringApplicationShutdownHook] com.zaxxer.hikari.HikariDataSource       : HikariPool-1 - Shutdown completed.
2024-12-20T14:54:07.157+07:00  INFO 10360 --- [main] c.v.a.AccountSecurityJwtApplication      : Starting AccountSecurityJwtApplication using Java 21.0.5 with PID 10360 (C:\Users\Admin\Desktop\TTS\account-security-jwt\target\classes started by Admin in C:\Users\Admin\Desktop\TTS\account-security-jwt)
2024-12-20T14:54:07.158+07:00  INFO 10360 --- [main] c.v.a.AccountSecurityJwtApplication      : No active profile set, falling back to 1 default profile: "default"
2024-12-20T14:54:07.604+07:00  INFO 10360 --- [main] .s.d.r.c.RepositoryConfigurationDelegate : Bootstrapping Spring Data JPA repositories in DEFAULT mode.
2024-12-20T14:54:07.655+07:00  INFO 10360 --- [main] .s.d.r.c.RepositoryConfigurationDelegate : Finished Spring Data repository scanning in 44 ms. Found 2 JPA repository interfaces.
2024-12-20T14:54:07.989+07:00  INFO 10360 --- [main] o.s.b.w.embedded.tomcat.TomcatWebServer  : Tomcat initialized with port 80 (http)
2024-12-20T14:54:07.998+07:00  INFO 10360 --- [main] o.apache.catalina.core.StandardService   : Starting service [Tomcat]
2024-12-20T14:54:07.998+07:00  INFO 10360 --- [main] o.apache.catalina.core.StandardEngine    : Starting Servlet engine: [Apache Tomcat/10.1.33]
2024-12-20T14:54:08.037+07:00  INFO 10360 --- [main] o.a.c.c.C.[Tomcat].[localhost].[/api]    : Initializing Spring embedded WebApplicationContext
2024-12-20T14:54:08.037+07:00  INFO 10360 --- [main] w.s.c.ServletWebServerApplicationContext : Root WebApplicationContext: initialization completed in 850 ms
2024-12-20T14:54:08.132+07:00  INFO 10360 --- [main] o.hibernate.jpa.internal.util.LogHelper  : HHH000204: Processing PersistenceUnitInfo [name: default]
2024-12-20T14:54:08.171+07:00  INFO 10360 --- [main] org.hibernate.Version                    : HHH000412: Hibernate ORM core version 6.6.2.Final
2024-12-20T14:54:08.196+07:00  INFO 10360 --- [main] o.h.c.internal.RegionFactoryInitiator    : HHH000026: Second-level cache disabled
2024-12-20T14:54:08.397+07:00  INFO 10360 --- [main] o.s.o.j.p.SpringPersistenceUnitInfo      : No LoadTimeWeaver setup: ignoring JPA class transformer
2024-12-20T14:54:08.421+07:00  INFO 10360 --- [main] com.zaxxer.hikari.HikariDataSource       : HikariPool-1 - Starting...
2024-12-20T14:54:08.644+07:00  INFO 10360 --- [main] com.zaxxer.hikari.pool.HikariPool        : HikariPool-1 - Added connection com.mysql.cj.jdbc.ConnectionImpl@62883f8a
2024-12-20T14:54:08.645+07:00  INFO 10360 --- [main] com.zaxxer.hikari.HikariDataSource       : HikariPool-1 - Start completed.
2024-12-20T14:54:08.700+07:00  INFO 10360 --- [main] org.hibernate.orm.connections.pooling    : HHH10001005: Database info:
	Database JDBC URL [Connecting through datasource 'HikariDataSource (HikariPool-1)']
	Database driver: undefined/unknown
	Database version: 8.0.40
	Autocommit mode: undefined/unknown
	Isolation level: undefined/unknown
	Minimum pool size: undefined/unknown
	Maximum pool size: undefined/unknown
2024-12-20T14:54:09.280+07:00  INFO 10360 --- [main] o.h.e.t.j.p.i.JtaPlatformInitiator       : HHH000489: No JTA platform available (set 'hibernate.transaction.jta.platform' to enable JTA platform integration)
2024-12-20T14:54:09.311+07:00  INFO 10360 --- [main] j.LocalContainerEntityManagerFactoryBean : Initialized JPA EntityManagerFactory for persistence unit 'default'
2024-12-20T14:54:09.583+07:00  WARN 10360 --- [main] JpaBaseConfiguration$JpaWebConfiguration : spring.jpa.open-in-view is enabled by default. Therefore, database queries may be performed during view rendering. Explicitly configure spring.jpa.open-in-view to disable this warning
2024-12-20T14:54:09.595+07:00  WARN 10360 --- [main] .s.s.UserDetailsServiceAutoConfiguration : 

Using generated security password: cb2aad0f-5d8f-45e0-81b2-6234f66dff84

This generated password is for development use only. Your security configuration must be updated before running your application in production.

2024-12-20T14:54:09.600+07:00  INFO 10360 --- [main] r$InitializeUserDetailsManagerConfigurer : Global AuthenticationManager configured with UserDetailsService bean with name inMemoryUserDetailsManager
2024-12-20T14:54:09.931+07:00  INFO 10360 --- [main] o.s.b.w.embedded.tomcat.TomcatWebServer  : Tomcat started on port 80 (http) with context path '/api'
2024-12-20T14:54:09.936+07:00  INFO 10360 --- [main] c.v.a.AccountSecurityJwtApplication      : Started AccountSecurityJwtApplication in 3.122 seconds (process running for 3.596)
2024-12-20T14:54:11.353+07:00  INFO 10360 --- [SpringApplicationShutdownHook] o.s.b.w.e.tomcat.GracefulShutdown        : Commencing graceful shutdown. Waiting for active requests to complete
2024-12-20T14:54:11.357+07:00  INFO 10360 --- [tomcat-shutdown] o.s.b.w.e.tomcat.GracefulShutdown        : Graceful shutdown complete
2024-12-20T14:54:11.360+07:00  INFO 10360 --- [SpringApplicationShutdownHook] j.LocalContainerEntityManagerFactoryBean : Closing JPA EntityManagerFactory for persistence unit 'default'
2024-12-20T14:54:11.361+07:00  INFO 10360 --- [SpringApplicationShutdownHook] com.zaxxer.hikari.HikariDataSource       : HikariPool-1 - Shutdown initiated...
2024-12-20T14:54:11.366+07:00  INFO 10360 --- [SpringApplicationShutdownHook] com.zaxxer.hikari.HikariDataSource       : HikariPool-1 - Shutdown completed.
2024-12-20T14:57:14.159+07:00  INFO 13976 --- [main] c.v.a.AccountSecurityJwtApplication      : Starting AccountSecurityJwtApplication using Java 21.0.5 with PID 13976 (C:\Users\Admin\Desktop\TTS\account-security-jwt\target\classes started by Admin in C:\Users\Admin\Desktop\TTS\account-security-jwt)
2024-12-20T14:57:14.161+07:00  INFO 13976 --- [main] c.v.a.AccountSecurityJwtApplication      : No active profile set, falling back to 1 default profile: "default"
2024-12-20T14:57:14.609+07:00  INFO 13976 --- [main] .s.d.r.c.RepositoryConfigurationDelegate : Bootstrapping Spring Data JPA repositories in DEFAULT mode.
2024-12-20T14:57:14.658+07:00  INFO 13976 --- [main] .s.d.r.c.RepositoryConfigurationDelegate : Finished Spring Data repository scanning in 43 ms. Found 2 JPA repository interfaces.
2024-12-20T14:57:14.989+07:00  INFO 13976 --- [main] o.s.b.w.embedded.tomcat.TomcatWebServer  : Tomcat initialized with port 80 (http)
2024-12-20T14:57:15.000+07:00  INFO 13976 --- [main] o.apache.catalina.core.StandardService   : Starting service [Tomcat]
2024-12-20T14:57:15.000+07:00  INFO 13976 --- [main] o.apache.catalina.core.StandardEngine    : Starting Servlet engine: [Apache Tomcat/10.1.33]
2024-12-20T14:57:15.039+07:00  INFO 13976 --- [main] o.a.c.c.C.[Tomcat].[localhost].[/api]    : Initializing Spring embedded WebApplicationContext
2024-12-20T14:57:15.039+07:00  INFO 13976 --- [main] w.s.c.ServletWebServerApplicationContext : Root WebApplicationContext: initialization completed in 850 ms
2024-12-20T14:57:15.131+07:00  INFO 13976 --- [main] o.hibernate.jpa.internal.util.LogHelper  : HHH000204: Processing PersistenceUnitInfo [name: default]
2024-12-20T14:57:15.170+07:00  INFO 13976 --- [main] org.hibernate.Version                    : HHH000412: Hibernate ORM core version 6.6.2.Final
2024-12-20T14:57:15.194+07:00  INFO 13976 --- [main] o.h.c.internal.RegionFactoryInitiator    : HHH000026: Second-level cache disabled
2024-12-20T14:57:15.394+07:00  INFO 13976 --- [main] o.s.o.j.p.SpringPersistenceUnitInfo      : No LoadTimeWeaver setup: ignoring JPA class transformer
2024-12-20T14:57:15.420+07:00  INFO 13976 --- [main] com.zaxxer.hikari.HikariDataSource       : HikariPool-1 - Starting...
2024-12-20T14:57:15.644+07:00  INFO 13976 --- [main] com.zaxxer.hikari.pool.HikariPool        : HikariPool-1 - Added connection com.mysql.cj.jdbc.ConnectionImpl@58f290bc
2024-12-20T14:57:15.645+07:00  INFO 13976 --- [main] com.zaxxer.hikari.HikariDataSource       : HikariPool-1 - Start completed.
2024-12-20T14:57:15.701+07:00  INFO 13976 --- [main] org.hibernate.orm.connections.pooling    : HHH10001005: Database info:
	Database JDBC URL [Connecting through datasource 'HikariDataSource (HikariPool-1)']
	Database driver: undefined/unknown
	Database version: 8.0.40
	Autocommit mode: undefined/unknown
	Isolation level: undefined/unknown
	Minimum pool size: undefined/unknown
	Maximum pool size: undefined/unknown
2024-12-20T14:57:16.290+07:00  INFO 13976 --- [main] o.h.e.t.j.p.i.JtaPlatformInitiator       : HHH000489: No JTA platform available (set 'hibernate.transaction.jta.platform' to enable JTA platform integration)
2024-12-20T14:57:16.323+07:00  INFO 13976 --- [main] j.LocalContainerEntityManagerFactoryBean : Initialized JPA EntityManagerFactory for persistence unit 'default'
2024-12-20T14:57:16.601+07:00  WARN 13976 --- [main] JpaBaseConfiguration$JpaWebConfiguration : spring.jpa.open-in-view is enabled by default. Therefore, database queries may be performed during view rendering. Explicitly configure spring.jpa.open-in-view to disable this warning
2024-12-20T14:57:16.614+07:00  WARN 13976 --- [main] .s.s.UserDetailsServiceAutoConfiguration : 

Using generated security password: 0fed8f78-d370-4d3d-9650-6474cfefd0c4

This generated password is for development use only. Your security configuration must be updated before running your application in production.

2024-12-20T14:57:16.619+07:00  INFO 13976 --- [main] r$InitializeUserDetailsManagerConfigurer : Global AuthenticationManager configured with UserDetailsService bean with name inMemoryUserDetailsManager
2024-12-20T14:57:16.952+07:00  INFO 13976 --- [main] o.s.b.w.embedded.tomcat.TomcatWebServer  : Tomcat started on port 80 (http) with context path '/api'
2024-12-20T14:57:16.957+07:00  INFO 13976 --- [main] c.v.a.AccountSecurityJwtApplication      : Started AccountSecurityJwtApplication in 3.15 seconds (process running for 3.586)
2024-12-20T14:57:18.653+07:00  INFO 13976 --- [SpringApplicationShutdownHook] o.s.b.w.e.tomcat.GracefulShutdown        : Commencing graceful shutdown. Waiting for active requests to complete
2024-12-20T14:57:18.658+07:00  INFO 13976 --- [tomcat-shutdown] o.s.b.w.e.tomcat.GracefulShutdown        : Graceful shutdown complete
2024-12-20T14:57:18.660+07:00  INFO 13976 --- [SpringApplicationShutdownHook] j.LocalContainerEntityManagerFactoryBean : Closing JPA EntityManagerFactory for persistence unit 'default'
2024-12-20T14:57:18.662+07:00  INFO 13976 --- [SpringApplicationShutdownHook] com.zaxxer.hikari.HikariDataSource       : HikariPool-1 - Shutdown initiated...
2024-12-20T14:57:18.668+07:00  INFO 13976 --- [SpringApplicationShutdownHook] com.zaxxer.hikari.HikariDataSource       : HikariPool-1 - Shutdown completed.
2024-12-20T15:00:46.535+07:00  INFO 11792 --- [main] c.v.a.AccountSecurityJwtApplication      : Starting AccountSecurityJwtApplication using Java 21.0.5 with PID 11792 (C:\Users\Admin\Desktop\TTS\account-security-jwt\target\classes started by Admin in C:\Users\Admin\Desktop\TTS\account-security-jwt)
2024-12-20T15:00:46.536+07:00  INFO 11792 --- [main] c.v.a.AccountSecurityJwtApplication      : No active profile set, falling back to 1 default profile: "default"
2024-12-20T15:00:46.990+07:00  INFO 11792 --- [main] .s.d.r.c.RepositoryConfigurationDelegate : Bootstrapping Spring Data JPA repositories in DEFAULT mode.
2024-12-20T15:00:47.040+07:00  INFO 11792 --- [main] .s.d.r.c.RepositoryConfigurationDelegate : Finished Spring Data repository scanning in 44 ms. Found 2 JPA repository interfaces.
2024-12-20T15:00:47.365+07:00  INFO 11792 --- [main] o.s.b.w.embedded.tomcat.TomcatWebServer  : Tomcat initialized with port 80 (http)
2024-12-20T15:00:47.374+07:00  INFO 11792 --- [main] o.apache.catalina.core.StandardService   : Starting service [Tomcat]
2024-12-20T15:00:47.374+07:00  INFO 11792 --- [main] o.apache.catalina.core.StandardEngine    : Starting Servlet engine: [Apache Tomcat/10.1.33]
2024-12-20T15:00:47.418+07:00  INFO 11792 --- [main] o.a.c.c.C.[Tomcat].[localhost].[/api]    : Initializing Spring embedded WebApplicationContext
2024-12-20T15:00:47.419+07:00  INFO 11792 --- [main] w.s.c.ServletWebServerApplicationContext : Root WebApplicationContext: initialization completed in 853 ms
2024-12-20T15:00:47.505+07:00  INFO 11792 --- [main] o.hibernate.jpa.internal.util.LogHelper  : HHH000204: Processing PersistenceUnitInfo [name: default]
2024-12-20T15:00:47.544+07:00  INFO 11792 --- [main] org.hibernate.Version                    : HHH000412: Hibernate ORM core version 6.6.2.Final
2024-12-20T15:00:47.567+07:00  INFO 11792 --- [main] o.h.c.internal.RegionFactoryInitiator    : HHH000026: Second-level cache disabled
2024-12-20T15:00:47.769+07:00  INFO 11792 --- [main] o.s.o.j.p.SpringPersistenceUnitInfo      : No LoadTimeWeaver setup: ignoring JPA class transformer
2024-12-20T15:00:47.791+07:00  INFO 11792 --- [main] com.zaxxer.hikari.HikariDataSource       : HikariPool-1 - Starting...
2024-12-20T15:00:48.016+07:00  INFO 11792 --- [main] com.zaxxer.hikari.pool.HikariPool        : HikariPool-1 - Added connection com.mysql.cj.jdbc.ConnectionImpl@5402612e
2024-12-20T15:00:48.018+07:00  INFO 11792 --- [main] com.zaxxer.hikari.HikariDataSource       : HikariPool-1 - Start completed.
2024-12-20T15:00:48.073+07:00  INFO 11792 --- [main] org.hibernate.orm.connections.pooling    : HHH10001005: Database info:
	Database JDBC URL [Connecting through datasource 'HikariDataSource (HikariPool-1)']
	Database driver: undefined/unknown
	Database version: 8.0.40
	Autocommit mode: undefined/unknown
	Isolation level: undefined/unknown
	Minimum pool size: undefined/unknown
	Maximum pool size: undefined/unknown
2024-12-20T15:00:48.659+07:00  INFO 11792 --- [main] o.h.e.t.j.p.i.JtaPlatformInitiator       : HHH000489: No JTA platform available (set 'hibernate.transaction.jta.platform' to enable JTA platform integration)
2024-12-20T15:00:48.692+07:00  INFO 11792 --- [main] j.LocalContainerEntityManagerFactoryBean : Initialized JPA EntityManagerFactory for persistence unit 'default'
2024-12-20T15:00:48.964+07:00  WARN 11792 --- [main] JpaBaseConfiguration$JpaWebConfiguration : spring.jpa.open-in-view is enabled by default. Therefore, database queries may be performed during view rendering. Explicitly configure spring.jpa.open-in-view to disable this warning
2024-12-20T15:00:48.980+07:00  INFO 11792 --- [main] r$InitializeUserDetailsManagerConfigurer : Global AuthenticationManager configured with UserDetailsService bean with name userDetailsService
2024-12-20T15:00:49.300+07:00  INFO 11792 --- [main] o.s.b.w.embedded.tomcat.TomcatWebServer  : Tomcat started on port 80 (http) with context path '/api'
2024-12-20T15:00:49.306+07:00  INFO 11792 --- [main] c.v.a.AccountSecurityJwtApplication      : Started AccountSecurityJwtApplication in 3.132 seconds (process running for 3.626)
2024-12-20T15:00:52.231+07:00  INFO 11792 --- [http-nio-80-exec-2] o.a.c.c.C.[Tomcat].[localhost].[/api]    : Initializing Spring DispatcherServlet 'dispatcherServlet'
2024-12-20T15:00:52.231+07:00  INFO 11792 --- [http-nio-80-exec-2] o.s.web.servlet.DispatcherServlet        : Initializing Servlet 'dispatcherServlet'
2024-12-20T15:00:52.232+07:00  INFO 11792 --- [http-nio-80-exec-2] o.s.web.servlet.DispatcherServlet        : Completed initialization in 1 ms
2024-12-20T15:01:02.961+07:00  INFO 11792 --- [SpringApplicationShutdownHook] o.s.b.w.e.tomcat.GracefulShutdown        : Commencing graceful shutdown. Waiting for active requests to complete
2024-12-20T15:01:02.965+07:00  INFO 11792 --- [tomcat-shutdown] o.s.b.w.e.tomcat.GracefulShutdown        : Graceful shutdown complete
2024-12-20T15:01:02.968+07:00  INFO 11792 --- [SpringApplicationShutdownHook] j.LocalContainerEntityManagerFactoryBean : Closing JPA EntityManagerFactory for persistence unit 'default'
2024-12-20T15:01:02.970+07:00  INFO 11792 --- [SpringApplicationShutdownHook] com.zaxxer.hikari.HikariDataSource       : HikariPool-1 - Shutdown initiated...
2024-12-20T15:01:02.974+07:00  INFO 11792 --- [SpringApplicationShutdownHook] com.zaxxer.hikari.HikariDataSource       : HikariPool-1 - Shutdown completed.
